\BOOKMARK [1][-]{section*.1}{\376\377\000B\000a\000s\000i\000c\000s\000\040\000o\000f\000\040\000G\000a\000m\000e\000\040\000T\000h\000e\000o\000r\000y}{}% 1
\BOOKMARK [2][-]{section*.2}{\376\377\000C\000o\000m\000m\000o\000n\000\040\000P\000r\000o\000o\000f\000\040\000T\000e\000c\000h\000n\000i\000q\000u\000e\000s}{section*.1}% 2
\BOOKMARK [2][-]{section*.3}{\376\377\000W\000h\000a\000t\000\040\000i\000s\000\040\000a\000\040\000g\000a\000m\000e\000?}{section*.1}% 3
\BOOKMARK [2][-]{section*.4}{\376\377\000P\000r\000o\000p\000e\000r\000t\000i\000e\000s\000\040\000o\000f\000\040\000p\000r\000e\000f\000e\000r\000e\000n\000c\000e\000s}{section*.1}% 4
\BOOKMARK [2][-]{section*.5}{\376\377\000I\000m\000p\000l\000i\000c\000a\000t\000i\000o\000n\000s\000\040\000o\000f\000\040\000R\000a\000t\000i\000o\000n\000a\000l\000i\000t\000y}{section*.1}% 5
\BOOKMARK [2][-]{section*.6}{\376\377\000R\000a\000t\000i\000o\000n\000a\000l\000\040\000i\000m\000p\000l\000i\000e\000s\000\040\000U\000\040\000c\000o\000u\000n\000t\000e\000r\000e\000x\000a\000m\000p\000l\000e}{section*.1}% 6
\BOOKMARK [2][-]{section*.7}{\376\377\000U\000s\000e\000f\000u\000l\000\040\000M\000a\000t\000h\000\040\000D\000e\000f\000i\000n\000i\000t\000i\000o\000n\000s}{section*.1}% 7
\BOOKMARK [2][-]{section*.8}{\376\377\000C\000o\000u\000n\000t\000a\000b\000i\000l\000i\000t\000y\000,\000\040\000R\000a\000t\000i\000o\000n\000a\000l\000i\000t\000y\000,\000\040\000a\000n\000d\000\040\000U\000t\000i\000l\000i\000t\000y\000\040\000F\000u\000n\000c\000t\000i\000o\000n\000s}{section*.1}% 8
\BOOKMARK [2][-]{section*.9}{\376\377\000S\000e\000p\000a\000r\000a\000b\000i\000l\000i\000t\000y\000\040\000a\000n\000d\000\040\000U\000t\000i\000l\000i\000t\000y\000\040\000F\000u\000n\000c\000t\000i\000o\000n\000s}{section*.1}% 9
\BOOKMARK [1][-]{section*.10}{\376\377\000L\000o\000t\000t\000e\000r\000i\000e\000s\000\040\000a\000n\000d\000\040\000E\000x\000p\000e\000c\000t\000e\000d\000\040\000U\000t\000i\000l\000i\000t\000y}{}% 10
\BOOKMARK [2][-]{section*.11}{\376\377\000L\000o\000t\000t\000e\000r\000y\000\040\000D\000e\000f\000i\000n\000i\000t\000i\000o\000n}{section*.10}% 11
\BOOKMARK [2][-]{section*.12}{\376\377\000E\000x\000p\000e\000c\000t\000e\000d\000\040\000U\000t\000i\000l\000i\000t\000y\000\040\000F\000u\000n\000c\000t\000i\000o\000n\000s\000\040\000\046\000\040\000L\000o\000t\000t\000e\000r\000i\000e\000s}{section*.10}% 12
\BOOKMARK [2][-]{section*.13}{\376\377\000L\000o\000t\000t\000e\000r\000y\000\040\000M\000i\000x\000t\000u\000r\000e\000s}{section*.10}% 13
\BOOKMARK [2][-]{section*.14}{\376\377\000I\000n\000d\000e\000p\000e\000n\000d\000e\000n\000c\000e\000\040\000A\000x\000i\000o\000m}{section*.10}% 14
\BOOKMARK [2][-]{section*.15}{\376\377\000C\000o\000n\000t\000i\000n\000u\000i\000t\000y}{section*.10}% 15
\BOOKMARK [2][-]{section*.16}{\376\377\000E\000x\000p\000e\000c\000t\000e\000d\000\040\000U\000t\000i\000l\000i\000t\000y\000\040\000T\000h\000e\000o\000r\000e\000m}{section*.10}% 16
\BOOKMARK [2][-]{section*.17}{\376\377\000P\000o\000s\000i\000t\000i\000v\000e\000\040\000A\000f\000f\000i\000n\000e\000\040\000T\000r\000a\000n\000s\000f\000o\000r\000m\000a\000t\000i\000o\000n\000s}{section*.10}% 17
\BOOKMARK [1][-]{section*.18}{\376\377\000N\000o\000r\000m\000a\000l\000\040\000F\000o\000r\000m\000\040\000G\000a\000m\000e\000s}{}% 18
\BOOKMARK [2][-]{section*.19}{\376\377\000D\000e\000f\000i\000n\000i\000t\000i\000o\000n\000s}{section*.18}% 19
\BOOKMARK [2][-]{section*.20}{\376\377\000S\000o\000l\000u\000t\000i\000o\000n\000\040\000C\000o\000n\000c\000e\000p\000t\000s\000\040\000a\000n\000d\000\040\000N\000a\000s\000h\000\040\000E\000q\000u\000i\000l\000i\000b\000r\000i\000u\000m}{section*.18}% 20
\BOOKMARK [2][-]{section*.21}{\376\377\000M\000i\000x\000e\000d\000\040\000S\000t\000r\000a\000t\000e\000g\000y\000\040\000G\000a\000m\000e\000s}{section*.18}% 21
\BOOKMARK [1][-]{section*.22}{\376\377\000Z\000e\000r\000o\000\040\000S\000u\000m\000\040\000G\000a\000m\000e\000s\000\040\000\046\000\040\000M\000a\000x\000m\000i\000n}{}% 22
\BOOKMARK [2][-]{section*.23}{\376\377\000M\000a\000x\000-\000m\000i\000n\000\040\000S\000o\000l\000n\000.\000\040\000D\000e\000f\000i\000n\000i\000t\000i\000o\000n}{section*.22}% 23
\BOOKMARK [2][-]{section*.24}{\376\377\000T\000P\000Z\000S\000G\000\040\000A\000n\000d\000\040\000M\000a\000x\000m\000i\000n}{section*.22}% 24
\BOOKMARK [2][-]{section*.25}{\376\377\000D\000u\000a\000l\000i\000t\000y\000\040\000G\000a\000p\000\040\000D\000e\000f\000i\000n\000i\000t\000i\000o\000n}{section*.22}% 25
\BOOKMARK [2][-]{section*.26}{\376\377\000D\000u\000a\000l\000i\000t\000y\000\040\000G\000a\000p\000\040\000a\000n\000d\000\040\000N\000a\000s\000h\000\040\000E\000q\000u\000i\000l\000i\000b\000r\000i\000a}{section*.22}% 26
\BOOKMARK [1][-]{section*.27}{\376\377\000M\000i\000n\000i\000m\000a\000x}{}% 27
\BOOKMARK [2][-]{section*.28}{\376\377\000T\000P\000Z\000S\000,\000\040\000v\000a\000l\000u\000e\000s\000,\000\040\000a\000n\000d\000\040\000N\000a\000s\000h\000\040\000e\000q\000u\000i\000l\000i\000b\000r\000i\000a}{section*.27}% 28
\BOOKMARK [2][-]{section*.29}{\376\377\000F\000a\000r\000k\000a\000s\000'\000\040\000L\000e\000m\000m\000a}{section*.27}% 29
\BOOKMARK [2][-]{section*.30}{\376\377\000F\000a\000r\000k\000a\000s\000'\000\040\000L\000e\000m\000m\000a\000:\000\040\000V\000a\000r\000i\000a\000n\000t\000s}{section*.27}% 30
\BOOKMARK [1][-]{section*.31}{\376\377\000R\000a\000t\000i\000o\000n\000a\000l\000i\000z\000a\000b\000i\000l\000i\000t\000y}{}% 31
\BOOKMARK [2][-]{section*.32}{\376\377\000S\000t\000r\000i\000c\000t\000\040\000D\000o\000m\000i\000n\000a\000n\000c\000e\000:\000\040\000D\000e\000f\000i\000n\000i\000t\000i\000o\000n}{section*.31}% 32
\BOOKMARK [2][-]{section*.33}{\376\377\000N\000e\000v\000e\000r\000-\000B\000e\000s\000t\000\040\000R\000e\000s\000p\000o\000n\000s\000e\000s\000:\000\040\000D\000e\000f\000i\000n\000i\000t\000i\000o\000n}{section*.31}% 33
\BOOKMARK [2][-]{section*.34}{\376\377\000N\000B\000R\000\040\000a\000n\000d\000\040\000S\000D\000\040\000C\000o\000r\000r\000e\000s\000p\000o\000n\000d\000e\000n\000c\000e\000\040\000P\000r\000o\000p\000o\000s\000i\000t\000i\000o\000n}{section*.31}% 34
\BOOKMARK [2][-]{section*.35}{\376\377\000D\000e\000l\000e\000t\000i\000o\000n\000\040\000S\000e\000q\000u\000e\000n\000c\000e\000\040\000D\000e\000f\000i\000n\000i\000t\000i\000o\000n}{section*.31}% 35
\BOOKMARK [2][-]{section*.36}{\376\377\000G\000r\000e\000e\000d\000y\000\040\000D\000e\000l\000e\000t\000i\000o\000n\000\040\000S\000e\000q\000u\000e\000n\000c\000e}{section*.31}% 36
\BOOKMARK [2][-]{section*.37}{\376\377\000R\000a\000t\000i\000o\000n\000a\000l\000i\000z\000a\000b\000i\000l\000i\000t\000y\000\040\000T\000h\000e\000o\000r\000e\000m}{section*.31}% 37
\BOOKMARK [2][-]{section*.38}{\376\377\000H\000a\000m\000m\000e\000r\000\040\000L\000e\000m\000m\000a}{section*.31}% 38
\BOOKMARK [2][-]{section*.39}{\376\377\000S\000m\000i\000l\000e\000y\000\040\000L\000e\000m\000m\000a}{section*.31}% 39
\BOOKMARK [2][-]{section*.40}{\376\377\000R\000a\000i\000n\000b\000o\000w\000\040\000L\000e\000m\000m\000a}{section*.31}% 40
\BOOKMARK [2][-]{section*.41}{\376\377\000S\000t\000a\000r\000\040\000L\000e\000m\000m\000a}{section*.31}% 41
\BOOKMARK [2][-]{section*.42}{\376\377\000B\000e\000s\000t\000\040\000R\000e\000p\000l\000y\000\040\000P\000r\000o\000p\000e\000r\000t\000y}{section*.31}% 42
\BOOKMARK [2][-]{section*.43}{\376\377\000S\000w\000i\000r\000l\000\040\000L\000e\000m\000m\000a}{section*.31}% 43
\BOOKMARK [1][-]{section*.44}{\376\377\000C\000o\000r\000r\000e\000l\000a\000t\000e\000d\000\040\000E\000q\000u\000i\000l\000i\000b\000r\000i\000u\000m\000\040\000\050\000C\000E\000\051}{}% 44
\BOOKMARK [2][-]{section*.45}{\376\377\000C\000o\000r\000r\000e\000l\000a\000t\000i\000o\000n\000\040\000D\000e\000v\000i\000c\000e\000\040\000D\000e\000f\000i\000n\000i\000t\000i\000o\000n}{section*.44}% 45
\BOOKMARK [2][-]{section*.46}{\376\377\000A\000u\000g\000m\000e\000n\000t\000e\000d\000\040\000G\000a\000m\000e\000\040\000D\000e\000f\000i\000n\000i\000t\000i\000o\000n}{section*.44}% 46
\BOOKMARK [2][-]{section*.47}{\376\377\000C\000o\000r\000r\000e\000l\000a\000t\000i\000o\000n\000\040\000D\000e\000v\000i\000c\000e\000\040\000I\000n\000d\000u\000c\000t\000i\000o\000n}{section*.44}% 47
\BOOKMARK [2][-]{section*.48}{\376\377\000C\000E\000\040\000D\000e\000f\000i\000n\000i\000t\000i\000o\000n}{section*.44}% 48
\BOOKMARK [2][-]{section*.49}{\376\377\000C\000E\000\040\000I\000n\000d\000u\000c\000t\000i\000o\000n\000\040\000T\000h\000e\000o\000r\000e\000m}{section*.44}% 49
\BOOKMARK [2][-]{section*.50}{\376\377\000C\000E\000\040\000E\000x\000i\000s\000t\000e\000n\000c\000e\000\040\000T\000h\000e\000o\000r\000e\000m}{section*.44}% 50
\BOOKMARK [2][-]{section*.51}{\376\377\000C\000E\000\040\000L\000o\000s\000s\000\040\000L\000e\000m\000m\000a}{section*.44}% 51
\BOOKMARK [1][-]{section*.52}{\376\377\000N\000a\000s\000h\000'\000s\000\040\000T\000h\000e\000o\000r\000e\000m\000\040\000a\000n\000d\000\040\000L\000e\000m\000k\000e\000-\000H\000o\000w\000s\000o\000n\000\040\000A\000l\000g\000o\000r\000i\000t\000h\000m}{}% 52
\BOOKMARK [2][-]{section*.53}{\376\377\000N\000a\000s\000h\000'\000s\000\040\000T\000h\000e\000o\000r\000e\000m}{section*.52}% 53
\BOOKMARK [2][-]{section*.54}{\376\377\000N\000o\000n\000-\000D\000e\000g\000e\000n\000e\000r\000a\000t\000e\000\040\000S\000y\000m\000m\000e\000t\000r\000i\000c\000\040\0002\000\040\000P\000l\000a\000y\000e\000r\000\040\000G\000a\000m\000e\000\040\000D\000e\000f\000i\000n\000i\000t\000i\000o\000n}{section*.52}% 54
\BOOKMARK [2][-]{section*.55}{\376\377\000S\000l\000a\000c\000k\000\040\000V\000a\000r\000i\000a\000b\000l\000e\000s\000\040\000D\000e\000f\000i\000n\000i\000t\000i\000o\000n\000s\000\040\000a\000n\000d\000\040\000N\000o\000t\000a\000t\000i\000o\000n}{section*.52}% 55
\BOOKMARK [2][-]{section*.56}{\376\377\000S\000l\000a\000c\000k\000\040\000V\000a\000r\000i\000a\000b\000l\000e\000s\000\040\000M\000i\000x\000e\000d\000\040\000S\000t\000r\000a\000t\000e\000g\000y\000\040\000P\000r\000o\000p\000o\000s\000i\000t\000i\000o\000n}{section*.52}% 56
\BOOKMARK [2][-]{section*.57}{\376\377\000S\000l\000a\000c\000k\000\040\000V\000a\000r\000i\000a\000b\000l\000e\000\040\000D\000e\000f\000i\000n\000i\000t\000i\000o\000n\000\040\000o\000f\000\040\000N\000a\000s\000h\000\040\000E\000q\000u\000i\000l\000i\000b\000r\000i\000u\000m}{section*.52}% 57
\BOOKMARK [2][-]{section*.58}{\376\377\000B\000e\000s\000t\000\040\000R\000e\000s\000p\000o\000n\000s\000e\000\040\000S\000u\000p\000p\000o\000r\000t\000\040\000D\000e\000f\000i\000n\000i\000t\000i\000o\000n}{section*.52}% 58
\BOOKMARK [2][-]{section*.59}{\376\377\000B\000e\000s\000t\000\040\000R\000e\000s\000p\000o\000n\000s\000e\000\040\000S\000u\000p\000p\000o\000r\000t\000\040\000N\000E\000\040\000L\000e\000m\000m\000a}{section*.52}% 59
\BOOKMARK [2][-]{section*.60}{\376\377\000I\000-\000A\000l\000m\000o\000s\000t\000\040\000S\000u\000p\000p\000o\000r\000t\000e\000d\000\040\000D\000e\000f\000i\000n\000i\000t\000i\000o\000n\000\040\000a\000n\000d\000\040\000N\000o\000t\000a\000t\000i\000o\000n}{section*.52}% 60
\BOOKMARK [2][-]{section*.61}{\376\377\000B\000a\000s\000i\000s\000\040\000D\000e\000f\000i\000n\000i\000t\000i\000o\000n\000\040\000a\000n\000d\000\040\000n\000o\000t\000a\000t\000i\000o\000n}{section*.52}% 61
\BOOKMARK [2][-]{section*.62}{\376\377\000B\000a\000s\000i\000s\000\040\000H\000a\000m\000m\000e\000r\000\040\000L\000e\000m\000m\000a}{section*.52}% 62
\BOOKMARK [2][-]{section*.63}{\376\377\000B\000a\000s\000i\000c}{section*.52}% 63
\BOOKMARK [2][-]{section*.64}{\376\377\000B\000a\000s\000i\000s\000\040\000A\000n\000k\000h\000\040\000L\000e\000m\000m\000a}{section*.52}% 64
\BOOKMARK [2][-]{section*.65}{\376\377\000P\000i\000v\000o\000t\000\040\000O\000p\000e\000r\000a\000t\000i\000o\000n\000\040\000D\000e\000f\000i\000n\000i\000t\000i\000o\000n}{section*.52}% 65
\BOOKMARK [2][-]{section*.66}{\376\377\000R\000e\000v\000e\000r\000s\000i\000b\000l\000e\000\040\000P\000i\000v\000o\000t\000\040\000L\000e\000m\000m\000a}{section*.52}% 66
\BOOKMARK [2][-]{section*.67}{\376\377\000I\000-\000A\000d\000j\000a\000c\000e\000n\000c\000y\000\040\000D\000e\000f\000i\000n\000i\000t\000i\000o\000n}{section*.52}% 67
\BOOKMARK [2][-]{section*.68}{\376\377\000I\000-\000A\000d\000j\000a\000c\000e\000n\000c\000y\000\040\000L\000e\000m\000m\000a}{section*.52}% 68
\BOOKMARK [2][-]{section*.69}{\376\377\000I\000-\000P\000a\000t\000h\000\040\000D\000e\000f\000i\000n\000i\000t\000i\000o\000n\000\040\000L\000e\000m\000m\000a}{section*.52}% 69
\BOOKMARK [2][-]{section*.70}{\376\377\000P\000a\000r\000i\000t\000y\000\040\000o\000f\000\040\000N\000a\000s\000h\000\040\000e\000q\000u\000i\000l\000i\000b\000r\000i\000a}{section*.52}% 70
\BOOKMARK [2][-]{section*.71}{\376\377\000P\000e\000r\000t\000u\000r\000b\000a\000t\000i\000o\000n\000s\000\040\000t\000o\000\040\000D\000e\000g\000e\000n\000e\000r\000a\000t\000e\000\040\000G\000a\000m\000e\000s}{section*.52}% 71
\BOOKMARK [2][-]{section*.72}{\376\377\000C\000o\000i\000n\000c\000i\000d\000e\000n\000c\000e\000\040\000o\000f\000\040\000N\000a\000s\000h\000\040\000E\000q\000u\000i\000l\000i\000b\000r\000i\000a\000\040\000B\000e\000t\000w\000e\000e\000n\000\040\000D\000e\000g\000e\000n\000e\000r\000a\000t\000e\000\040\000a\000n\000d\000\040\000P\000e\000r\000t\000u\000r\000b\000e\000d\000\040\000G\000a\000m\000e}{section*.52}% 72
\BOOKMARK [2][-]{section*.73}{\376\377\000D\000r\000o\000p\000p\000i\000n\000g\000\040\000N\000o\000n\000-\000d\000e\000g\000e\000n\000e\000r\000a\000c\000y}{section*.52}% 73
\BOOKMARK [2][-]{section*.74}{\376\377\000B\000o\000l\000z\000a\000n\000o\000-\000W\000e\000i\000e\000r\000s\000t\000r\000a\000s\000s}{section*.52}% 74
\BOOKMARK [2][-]{section*.75}{\376\377\000I\000m\000i\000t\000a\000t\000i\000o\000n\000\040\000G\000a\000m\000e\000s}{section*.52}% 75
\BOOKMARK [1][-]{section*.76}{\376\377\000E\000x\000t\000e\000n\000s\000i\000v\000e\000\040\000F\000o\000r\000m\000\040\000G\000a\000m\000e\000s}{}% 76
\BOOKMARK [2][-]{section*.77}{\376\377\000C\000o\000m\000p\000o\000n\000e\000n\000t\000s\000\040\000o\000f\000\040\000a\000n\000\040\000E\000x\000t\000e\000n\000s\000i\000v\000e\000\040\000F\000o\000r\000m\000\040\000G\000a\000m\000e}{section*.76}% 77
\BOOKMARK [2][-]{section*.78}{\376\377\000S\000t\000r\000a\000t\000e\000g\000i\000e\000s\000,\000\040\000N\000a\000s\000h\000\040\000E\000q\000u\000i\000l\000i\000b\000r\000i\000a\000,\000\040\000a\000n\000d\000\040\000S\000e\000q\000u\000e\000n\000t\000i\000a\000l\000\040\000R\000a\000t\000i\000o\000n\000a\000l\000i\000t\000y}{section*.76}% 78
\BOOKMARK [2][-]{section*.79}{\376\377\000N\000a\000s\000h\000\040\000E\000q\000u\000i\000l\000i\000b\000r\000i\000u\000m}{section*.76}% 79
\BOOKMARK [2][-]{section*.80}{\376\377\000N\000o\000r\000m\000a\000l\000\040\000F\000o\000r\000m}{section*.76}% 80
\BOOKMARK [2][-]{section*.81}{\376\377\000S\000e\000q\000u\000e\000n\000t\000i\000a\000l\000\040\000R\000a\000t\000i\000o\000n\000a\000l\000i\000t\000y}{section*.76}% 81
\BOOKMARK [2][-]{section*.82}{\376\377\000O\000n\000e\000-\000S\000h\000o\000t\000\040\000D\000e\000v\000i\000a\000t\000i\000o\000n\000\040\000P\000r\000i\000n\000c\000i\000p\000l\000e}{section*.76}% 82
\BOOKMARK [2][-]{section*.83}{\376\377\000E\000x\000i\000s\000t\000e\000n\000c\000e\000\040\000o\000f\000\040\000S\000P\000E}{section*.76}% 83
\BOOKMARK [1][-]{section*.84}{\376\377\000S\000u\000b\000j\000e\000c\000t\000i\000v\000e\000\040\000U\000t\000i\000l\000i\000t\000y}{}% 84
\BOOKMARK [2][-]{section*.85}{\376\377\000B\000a\000s\000i\000c\000\040\000D\000e\000f\000i\000n\000i\000t\000i\000o\000n\000s}{section*.84}% 85
\BOOKMARK [2][-]{section*.86}{\376\377\000S\000u\000b\000j\000e\000c\000t\000i\000v\000e\000\040\000U\000t\000i\000l\000i\000t\000y\000\040\000R\000e\000p\000r\000e\000s\000e\000n\000t\000a\000t\000i\000o\000n\000\040\000\050\000S\000E\000U\000\040\000R\000e\000p\000s\000\051\000\040\000o\000f\000\040\000P\000r\000e\000f\000e\000r\000e\000n\000c\000e\000s}{section*.84}% 86
\BOOKMARK [2][-]{section*.87}{\376\377\000S\000E\000U\000\040\000A\000x\000i\000o\000m\000s}{section*.84}% 87
\BOOKMARK [1][-]{section*.88}{\376\377\000T\000h\000e\000\040\000B\000a\000s\000i\000c\000s\000\040\000o\000f\000\040\000K\000n\000o\000w\000l\000e\000d\000g\000e}{}% 88
\BOOKMARK [2][-]{section*.89}{\376\377\000A\000u\000m\000a\000n\000n\000\040\000K\000n\000o\000w\000l\000e\000d\000g\000e\000\040\000M\000o\000d\000e\000l\000\040\000D\000e\000f\000i\000n\000i\000t\000i\000o\000n\000s}{section*.88}% 89
\BOOKMARK [2][-]{section*.90}{\376\377\000M\000u\000t\000u\000a\000l\000\040\000K\000n\000o\000w\000l\000e\000d\000g\000e}{section*.88}% 90
\BOOKMARK [2][-]{section*.91}{\376\377\000C\000o\000m\000m\000o\000n\000\040\000K\000n\000o\000w\000l\000e\000d\000g\000e\000\040\000a\000n\000d\000\040\000S\000e\000l\000f\000-\000E\000v\000i\000d\000e\000n\000c\000e}{section*.88}% 91
\BOOKMARK [2][-]{section*.92}{\376\377\000A\000u\000m\000a\000n\000n\000'\000s\000\040\000A\000g\000r\000e\000e\000m\000e\000n\000t\000\040\000T\000h\000e\000o\000r\000e\000m}{section*.88}% 92
\BOOKMARK [1][-]{section*.93}{\376\377\000B\000a\000y\000e\000s\000i\000a\000n\000\040\000G\000a\000m\000e\000s}{}% 93
\BOOKMARK [2][-]{section*.94}{\376\377\000T\000y\000p\000e\000\040\000S\000p\000a\000c\000e\000\040\000D\000e\000f\000i\000n\000i\000t\000i\000o\000n}{section*.93}% 94
\BOOKMARK [2][-]{section*.95}{\376\377\000R\000e\000l\000a\000t\000i\000o\000n\000s\000h\000i\000p\000\040\000t\000o\000\040\000A\000u\000m\000a\000n\000n}{section*.93}% 95
\BOOKMARK [2][-]{section*.96}{\376\377\000C\000o\000m\000m\000o\000n\000\040\000P\000r\000i\000o\000r\000\040\000D\000e\000f\000i\000n\000i\000t\000i\000o\000n}{section*.93}% 96
\BOOKMARK [2][-]{section*.97}{\376\377\000B\000a\000y\000e\000s\000i\000a\000n\000\040\000G\000a\000m\000e\000\040\000D\000e\000f\000i\000n\000i\000t\000i\000o\000n}{section*.93}% 97
\BOOKMARK [2][-]{section*.98}{\376\377\000B\000e\000h\000a\000v\000i\000o\000r\000a\000l\000\040\000S\000t\000r\000a\000t\000e\000g\000i\000e\000s}{section*.93}% 98
\BOOKMARK [2][-]{section*.99}{\376\377\000T\000y\000p\000e\000\040\000P\000r\000e\000f\000e\000r\000e\000n\000c\000e\000s}{section*.93}% 99
\BOOKMARK [2][-]{section*.100}{\376\377\000B\000a\000y\000e\000s\000\040\000N\000a\000s\000h\000\040\000E\000q\000u\000i\000l\000i\000b\000r\000i\000u\000m}{section*.93}% 100
\BOOKMARK [2][-]{section*.101}{\376\377\000F\000i\000n\000i\000t\000e\000\040\000B\000a\000y\000e\000s\000i\000a\000n\000\040\000G\000a\000m\000e\000\040\000N\000E\000\040\000E\000x\000i\000s\000t\000e\000n\000c\000e\000\040\000T\000h\000e\000o\000r\000e\000m}{section*.93}% 101
\BOOKMARK [1][-]{section*.102}{\376\377\000V\000a\000l\000u\000e\000\040\000o\000f\000\040\000K\000n\000o\000w\000l\000e\000d\000g\000e}{}% 102
\BOOKMARK [2][-]{section*.103}{\376\377\000E\000x\000p\000e\000r\000i\000m\000e\000n\000t\000\040\000G\000a\000m\000e\000\040\000S\000e\000t\000u\000p}{section*.102}% 103
\BOOKMARK [2][-]{section*.104}{\376\377\000I\000n\000f\000o\000r\000m\000a\000t\000i\000v\000e\000\040\000D\000e\000f\000i\000n\000i\000t\000i\000o\000n}{section*.102}% 104
\BOOKMARK [2][-]{section*.105}{\376\377\000I\000n\000f\000o\000r\000m\000a\000t\000i\000v\000e\000n\000e\000s\000s\000\040\000T\000h\000e\000o\000r\000e\000m}{section*.102}% 105
\BOOKMARK [1][-]{section*.106}{\376\377\000J\000u\000r\000y\000\040\000G\000a\000m\000e\000s}{}% 106
\BOOKMARK [2][-]{section*.107}{\376\377\000J\000u\000r\000y\000\040\000G\000a\000m\000e\000\040\000S\000e\000t\000-\000u\000p}{section*.106}% 107
\BOOKMARK [2][-]{section*.108}{\376\377\000J\000u\000r\000y\000\040\000G\000a\000m\000e\000:\000\040\000O\000d\000d\000\040\000M\000a\000j\000o\000r\000i\000t\000y\000\040\000R\000u\000l\000e}{section*.106}% 108
\BOOKMARK [2][-]{section*.109}{\376\377\000J\000u\000r\000y\000\040\000G\000a\000m\000e\000:\000\040\000U\000n\000a\000n\000i\000m\000i\000t\000y\000\040\000E\000q\000u\000i\000l\000i\000b\000r\000i\000u\000m}{section*.106}% 109
\BOOKMARK [2][-]{section*.110}{\376\377\000J\000u\000r\000y\000\040\000G\000a\000m\000e\000:\000\040\000E\000v\000e\000n\000\040\000M\000a\000j\000o\000r\000i\000t\000y\000\040\000R\000u\000l\000e}{section*.106}% 110
\BOOKMARK [1][-]{section*.111}{\376\377\000E\000-\000M\000a\000i\000l\000\040\000G\000a\000m\000e\000s}{}% 111
\BOOKMARK [2][-]{section*.112}{\376\377\000S\000e\000t\000u\000p}{section*.111}% 112
\BOOKMARK [2][-]{section*.113}{\376\377\000F\000u\000l\000l\000\040\000I\000n\000f\000o\000r\000m\000a\000t\000i\000o\000n}{section*.111}% 113
\BOOKMARK [2][-]{section*.114}{\376\377\000P\000l\000a\000y\000e\000r\000\040\0001\000\040\000I\000n\000f\000o\000r\000m\000e\000d\000/\000\040\000P\000l\000a\000y\000e\000r\000\040\0002\000\040\000U\000n\000i\000n\000f\000o\000r\000m\000e\000d}{section*.111}% 114
\BOOKMARK [2][-]{section*.115}{\376\377\000A\000p\000p\000r\000o\000x\000i\000m\000a\000t\000e\000\040\000K\000n\000o\000w\000l\000e\000d\000g\000e}{section*.111}% 115
\BOOKMARK [1][-]{section*.116}{\376\377\000E\000x\000t\000e\000n\000s\000i\000v\000e\000\040\000F\000o\000r\000m\000\040\000G\000a\000m\000e\000s\000\040\000w\000i\000t\000h\000\040\000I\000n\000c\000o\000m\000p\000l\000e\000t\000e\000\040\000I\000n\000f\000o\000r\000m\000a\000t\000i\000o\000n}{}% 116
\BOOKMARK [2][-]{section*.117}{\376\377\000S\000e\000t\000-\000u\000p\000\040\000a\000n\000d\000\040\000N\000o\000t\000a\000t\000i\000o\000n}{section*.116}% 117
\BOOKMARK [2][-]{section*.118}{\376\377\000I\000n\000f\000o\000r\000m\000a\000t\000i\000o\000n\000\040\000i\000n\000\040\000S\000e\000q\000u\000e\000n\000t\000i\000a\000l\000\040\000G\000a\000m\000e\000s}{section*.116}% 118
\BOOKMARK [2][-]{section*.119}{\376\377\000P\000e\000r\000f\000e\000c\000t\000\040\000R\000e\000c\000a\000l\000l\000\040\000L\000e\000m\000m\000a}{section*.116}% 119
\BOOKMARK [2][-]{section*.120}{\376\377\000P\000e\000r\000f\000e\000c\000t\000\040\000R\000e\000c\000a\000l\000l\000\040\000E\000q\000u\000i\000v\000a\000l\000e\000n\000c\000y\000\040\000P\000r\000o\000p\000o\000s\000i\000t\000i\000o\000n}{section*.116}% 120
\BOOKMARK [2][-]{section*.121}{\376\377\000K\000u\000h\000n\000'\000s\000\040\000T\000h\000e\000o\000r\000e\000m}{section*.116}% 121
\BOOKMARK [2][-]{section*.122}{\376\377\000T\000o\000t\000a\000l\000\040\000P\000r\000o\000b\000a\000b\000i\000l\000i\000t\000y\000\040\000a\000n\000d\000\040\000S\000o\000m\000e\000\040\000D\000e\000f\000i\000n\000i\000t\000i\000o\000n\000s}{section*.116}% 122
\BOOKMARK [2][-]{section*.123}{\376\377\000E\000x\000p\000e\000c\000t\000e\000d\000\040\000U\000t\000i\000l\000i\000t\000y}{section*.116}% 123
\BOOKMARK [2][-]{section*.124}{\376\377\000N\000a\000s\000h\000\040\000E\000q\000u\000i\000l\000i\000b\000r\000i\000u\000m}{section*.116}% 124
\BOOKMARK [2][-]{section*.125}{\376\377\000I\000n\000t\000e\000r\000i\000m\000\040\000B\000e\000l\000i\000e\000f\000s\000\040\000a\000n\000d\000\040\000A\000s\000s\000e\000s\000s\000m\000e\000n\000t\000s}{section*.116}% 125
\BOOKMARK [2][-]{section*.126}{\376\377\000C\000o\000n\000s\000i\000s\000t\000e\000n\000c\000y\000\040\000o\000f\000\040\000a\000s\000s\000e\000s\000s\000m\000e\000n\000t\000s}{section*.116}% 126
\BOOKMARK [2][-]{section*.127}{\376\377\000S\000e\000q\000u\000e\000n\000t\000i\000a\000l\000\040\000R\000a\000t\000i\000o\000n\000a\000l\000i\000t\000y}{section*.116}% 127
\BOOKMARK [2][-]{section*.128}{\376\377\000S\000e\000q\000u\000e\000n\000t\000i\000a\000l\000\040\000E\000q\000u\000i\000l\000i\000b\000r\000i\000u\000m}{section*.116}% 128
\BOOKMARK [2][-]{section*.129}{\376\377\000T\000r\000e\000m\000b\000l\000i\000n\000g\000\040\000H\000a\000n\000d\000\040\000E\000q\000u\000i\000l\000i\000b\000r\000i\000u\000m}{section*.116}% 129
\BOOKMARK [1][-]{section*.130}{\376\377\000B\000a\000s\000i\000c\000s\000\040\000o\000f\000\040\000A\000u\000c\000t\000i\000o\000n\000\040\000T\000h\000e\000o\000r\000y}{}% 130
\BOOKMARK [2][-]{section*.131}{\376\377\000G\000e\000n\000e\000r\000a\000l\000\040\000A\000u\000c\000t\000i\000o\000n\000s}{section*.130}% 131
\BOOKMARK [2][-]{section*.132}{\376\377\000B\000a\000s\000i\000c\000\040\000E\000x\000a\000m\000p\000l\000e\000s}{section*.130}% 132
\BOOKMARK [2][-]{section*.133}{\376\377\000S\000e\000c\000o\000n\000d\000\040\000P\000r\000i\000c\000e\000\040\000A\000u\000c\000t\000i\000o\000n\000s\000:\000\040\000D\000e\000f\000i\000n\000i\000t\000i\000o\000n\000s}{section*.130}% 133
\BOOKMARK [2][-]{section*.134}{\376\377\000S\000e\000c\000o\000n\000d\000\040\000P\000r\000i\000c\000e\000\040\000A\000u\000c\000t\000i\000o\000n\000s\000:\000\040\000E\000q\000u\000i\000l\000i\000b\000r\000i\000u\000m\000\040\000B\000i\000d}{section*.130}% 134
\BOOKMARK [2][-]{section*.135}{\376\377\000S\000e\000c\000o\000n\000d\000\040\000P\000r\000i\000c\000e\000\040\000A\000u\000c\000t\000i\000o\000n\000s\000:\000\040\000E\000q\000u\000i\000l\000i\000b\000r\000i\000u\000m\000\040\000R\000e\000v\000e\000n\000u\000e}{section*.130}% 135
\BOOKMARK [2][-]{section*.136}{\376\377\000F\000i\000r\000s\000t\000\040\000P\000r\000i\000c\000e\000\040\000A\000u\000c\000t\000i\000o\000n\000:\000\040\000D\000e\000f\000i\000n\000i\000t\000i\000o\000n\000s}{section*.130}% 136
\BOOKMARK [2][-]{section*.137}{\376\377\000F\000i\000r\000s\000t\000\040\000P\000r\000i\000c\000e\000\040\000A\000u\000c\000t\000i\000o\000n\000s\000:\000\040\000E\000q\000u\000i\000l\000i\000b\000r\000i\000u\000m\000\040\000B\000i\000d}{section*.130}% 137
\BOOKMARK [2][-]{section*.138}{\376\377\000F\000i\000r\000s\000t\000\040\000P\000r\000i\000c\000e\000\040\000A\000u\000c\000t\000i\000o\000n\000s\000:\000\040\000E\000q\000u\000i\000l\000i\000b\000r\000i\000u\000m\000\040\000R\000e\000v\000e\000n\000u\000e}{section*.130}% 138
\BOOKMARK [1][-]{section*.139}{\376\377\000D\000u\000r\000a\000b\000l\000e\000\040\000G\000o\000o\000d\000s\000\040\000M\000o\000n\000o\000p\000o\000l\000y}{}% 139
\BOOKMARK [2][-]{section*.140}{\376\377\000S\000e\000t\000-\000u\000p}{section*.139}% 140
\BOOKMARK [2][-]{section*.141}{\376\377\000C\000o\000m\000m\000i\000t\000m\000e\000n\000t\000\040\000S\000o\000l\000u\000t\000i\000o\000n}{section*.139}% 141
\BOOKMARK [2][-]{section*.142}{\376\377\000C\000o\000a\000s\000e\000\040\000C\000o\000n\000j\000e\000c\000t\000u\000r\000e}{section*.139}% 142
\BOOKMARK [2][-]{section*.143}{\376\377\000N\000o\000n\000-\000C\000o\000m\000m\000i\000t\000m\000e\000n\000t\000\040\000S\000o\000l\000u\000t\000i\000o\000n}{section*.139}% 143
\BOOKMARK [1][-]{section*.144}{\376\377\000R\000e\000p\000u\000t\000a\000t\000i\000o\000n}{}% 144
\BOOKMARK [2][-]{section*.145}{\376\377\000C\000h\000a\000i\000n\000\040\000S\000t\000o\000r\000e\000\040\000G\000a\000m\000e\000\040\000S\000e\000t\000-\000u\000p}{section*.144}% 145
\BOOKMARK [2][-]{section*.146}{\376\377\000I\000n\000c\000u\000m\000b\000e\000n\000t\000\040\000T\000y\000p\000e\000s}{section*.144}% 146
\BOOKMARK [2][-]{section*.147}{\376\377\000I\000n\000c\000u\000m\000b\000e\000n\000t\000\040\000M\000i\000n\000i\000m\000u\000m\000\040\000P\000a\000y\000o\000f\000f\000\040\000T\000h\000e\000o\000r\000e\000m}{section*.144}% 147
\BOOKMARK [2][-]{section*.148}{\376\377\000F\000o\000l\000k\000\040\000T\000h\000e\000o\000r\000e\000m\000\040\000\050\000R\000e\000p\000e\000a\000t\000e\000d\000\040\000G\000a\000m\000e\000s\000\051}{section*.144}% 148
\BOOKMARK [1][-]{section*.149}{\376\377\000M\000e\000c\000h\000a\000n\000i\000s\000m\000\040\000D\000e\000s\000i\000g\000n}{}% 149
\BOOKMARK [2][-]{section*.150}{\376\377\000R\000e\000v\000e\000l\000a\000t\000i\000o\000n\000\040\000P\000r\000i\000n\000c\000i\000p\000l\000e}{section*.149}% 150
\BOOKMARK [2][-]{section*.151}{\376\377\000I\000n\000c\000e\000n\000t\000i\000v\000e\000\040\000C\000o\000m\000p\000a\000t\000i\000b\000i\000l\000i\000t\000y\000\040\000a\000n\000d\000\040\000I\000n\000d\000i\000v\000i\000d\000u\000a\000l\000\040\000R\000a\000t\000i\000o\000n\000a\000l\000i\000t\000y}{section*.149}% 151
\BOOKMARK [2][-]{section*.152}{\376\377\000P\000o\000s\000t\000e\000d\000\040\000P\000r\000i\000c\000e}{section*.149}% 152
\BOOKMARK [2][-]{section*.153}{\376\377\000M\000u\000l\000t\000i\000p\000l\000e\000\040\000B\000u\000y\000e\000r\000s}{section*.149}% 153
\BOOKMARK [2][-]{section*.154}{\376\377\000R\000e\000v\000e\000l\000a\000t\000i\000o\000n\000\040\000P\000r\000i\000n\000c\000i\000p\000l\000e}{section*.149}% 154
\BOOKMARK [2][-]{section*.155}{\376\377\000R\000e\000v\000e\000n\000u\000e\000\040\000E\000q\000u\000i\000v\000a\000l\000e\000n\000c\000e}{section*.149}% 155
\BOOKMARK [2][-]{section*.156}{\376\377\000O\000p\000t\000i\000m\000a\000l\000\040\000A\000u\000c\000t\000i\000o\000n\000s}{section*.149}% 156
\BOOKMARK [1][-]{section*.157}{\376\377\000T\000i\000p\000s\000\040\000a\000n\000d\000\040\000T\000r\000i\000c\000k\000s}{}% 157
\BOOKMARK [2][-]{section*.158}{\376\377\000P\000r\000o\000p\000e\000r\000t\000i\000e\000s\000\040\000o\000f\000\040\000p\000a\000y\000o\000f\000f\000\040\000f\000u\000n\000c\000t\000i\000o\000n\000s}{section*.157}% 158
\BOOKMARK [2][-]{section*.159}{\376\377\000C\000o\000r\000r\000e\000l\000a\000t\000e\000d\000\040\000E\000q\000u\000i\000l\000i\000b\000r\000i\000u\000m\000\040\000T\000r\000i\000c\000k\000s}{section*.157}% 159
\BOOKMARK [2][-]{section*.160}{\376\377\000T\000r\000i\000c\000k\000s\000\040\000w\000i\000t\000h\000\040\000T\000P\000Z\000S\000G\000'\000s}{section*.157}% 160
\BOOKMARK [2][-]{section*.161}{\376\377\000S\000e\000q\000u\000e\000n\000t\000i\000a\000l\000\040\000E\000q\000u\000i\000l\000i\000b\000r\000i\000a}{section*.157}% 161
\BOOKMARK [2][-]{section*.162}{\376\377\000E\000x\000a\000m\000p\000l\000e\000:\000\040\000M\000i\000x\000e\000d\000\040\000N\000E\000\040\000i\000n\000\040\0002\000\327\0002}{section*.157}% 162
\BOOKMARK [2][-]{section*.163}{\376\377\000E\000x\000a\000m\000p\000l\000e\000:\000\040\000B\000a\000c\000k\000w\000a\000r\000d\000\040\000I\000n\000d\000u\000c\000t\000i\000o\000n}{section*.157}% 163
\BOOKMARK [2][-]{section*.164}{\376\377\000E\000x\000a\000m\000p\000l\000e\000:\000\040\000B\000N\000E\000\040\000\050\000C\000o\000u\000r\000n\000o\000t\000\051}{section*.157}% 164
\BOOKMARK [2][-]{section*.165}{\376\377\000E\000x\000a\000m\000p\000l\000e\000:\000\040\000V\000e\000r\000i\000f\000y\000i\000n\000g\000\040\000a\000\040\000C\000E}{section*.157}% 165
