\BOOKMARK [1][-]{section*.1}{\376\377\000A\000s\000y\000m\000p\000t\000o\000t\000i\000c\000s}{}% 1
\BOOKMARK [2][-]{section*.2}{\376\377\000M\000o\000d\000e\000s\000\040\000o\000f\000\040\000C\000o\000n\000v\000e\000r\000g\000e\000n\000c\000e}{section*.1}% 2
\BOOKMARK [2][-]{section*.3}{\376\377\000I\000m\000p\000l\000i\000c\000a\000t\000i\000o\000n\000s\000\040\000b\000e\000t\000w\000e\000e\000n\000\040\000m\000o\000d\000e\000s}{section*.1}% 3
\BOOKMARK [2][-]{section*.4}{\376\377\000C\000o\000n\000t\000i\000n\000u\000o\000u\000s\000\040\000M\000a\000p\000p\000i\000n\000g\000\040\000T\000h\000e\000o\000r\000e\000m}{section*.1}% 4
\BOOKMARK [2][-]{section*.5}{\376\377\000S\000l\000u\000t\000s\000k\000y\000'\000s\000\040\000T\000h\000e\000o\000r\000e\000m}{section*.1}% 5
\BOOKMARK [2][-]{section*.6}{\376\377\000W\000e\000a\000k\000\040\000L\000a\000w\000\040\000o\000f\000\040\000L\000a\000r\000g\000e\000\040\000N\000u\000m\000b\000e\000r\000s}{section*.1}% 6
\BOOKMARK [2][-]{section*.7}{\376\377\000C\000e\000n\000t\000r\000a\000l\000\040\000L\000i\000m\000i\000t\000\040\000T\000h\000e\000o\000r\000e\000m}{section*.1}% 7
\BOOKMARK [2][-]{section*.8}{\376\377\000S\000t\000o\000c\000h\000a\000s\000t\000i\000c\000\040\000O\000r\000d\000e\000r\000\040\000N\000o\000t\000a\000t\000i\000o\000n}{section*.1}% 8
\BOOKMARK [1][-]{section*.9}{\376\377\000D\000e\000l\000t\000a\000\040\000M\000e\000t\000h\000o\000d}{}% 9
\BOOKMARK [2][-]{section*.10}{\376\377\000D\000e\000l\000t\000a\000\040\000M\000e\000t\000h\000o\000d\000\040\000\050\000G\000e\000n\000e\000r\000a\000l\000\051}{section*.9}% 10
\BOOKMARK [2][-]{section*.11}{\376\377\000P\000r\000o\000o\000f\000\040\000S\000k\000e\000t\000c\000h}{section*.9}% 11
\BOOKMARK [2][-]{section*.12}{\376\377\000S\000e\000c\000o\000n\000d\000-\000O\000r\000d\000e\000r\000\040\000D\000e\000l\000t\000a\000\040\000M\000e\000t\000h\000o\000d}{section*.9}% 12
\BOOKMARK [2][-]{section*.13}{\376\377\000A\000p\000p\000l\000i\000c\000a\000t\000i\000o\000n\000:\000\040\000S\000a\000m\000p\000l\000e\000\040\000V\000a\000r\000i\000a\000n\000c\000e}{section*.9}% 13
\BOOKMARK [1][-]{section*.14}{\376\377\000E\000s\000t\000i\000m\000a\000t\000i\000o\000n}{}% 14
\BOOKMARK [2][-]{section*.15}{\376\377\000D\000e\000f\000i\000n\000i\000t\000i\000o\000n\000s}{section*.14}% 15
\BOOKMARK [2][-]{section*.16}{\376\377\000F\000i\000n\000i\000t\000e\000\040\000S\000a\000m\000p\000l\000e\000\040\000P\000r\000o\000p\000e\000r\000t\000i\000e\000s}{section*.14}% 16
\BOOKMARK [2][-]{section*.17}{\376\377\000L\000a\000r\000g\000e\000\040\000S\000a\000m\000p\000l\000e\000\040\000P\000r\000o\000p\000e\000r\000t\000i\000e\000s}{section*.14}% 17
\BOOKMARK [2][-]{section*.18}{\376\377\000M\000e\000t\000h\000o\000d\000\040\000o\000f\000\040\000M\000o\000m\000e\000n\000t\000s}{section*.14}% 18
\BOOKMARK [1][-]{section*.19}{\376\377\000M\000a\000x\000i\000m\000u\000m\000\040\000L\000i\000k\000e\000l\000i\000h\000o\000o\000d\000\040\000E\000s\000t\000i\000m\000a\000t\000i\000o\000n}{}% 19
\BOOKMARK [2][-]{section*.20}{\376\377\000S\000e\000t\000u\000p}{section*.19}% 20
\BOOKMARK [2][-]{section*.21}{\376\377\000C\000o\000n\000s\000i\000s\000t\000e\000n\000c\000y}{section*.19}% 21
\BOOKMARK [2][-]{section*.22}{\376\377\000A\000s\000y\000m\000p\000t\000o\000t\000i\000c\000\040\000D\000i\000s\000t\000r\000i\000b\000u\000t\000i\000o\000n}{section*.19}% 22
\BOOKMARK [2][-]{section*.23}{\376\377\000E\000x\000a\000m\000p\000l\000e\000:\000\040\000N\000o\000r\000m\000a\000l}{section*.19}% 23
\BOOKMARK [2][-]{section*.24}{\376\377\000E\000x\000a\000m\000p\000l\000e\000:\000\040\000B\000e\000r\000n\000o\000u\000l\000l\000i}{section*.19}% 24
\BOOKMARK [2][-]{section*.25}{\376\377\000C\000o\000n\000d\000i\000t\000i\000o\000n\000a\000l\000\040\000M\000L\000E}{section*.19}% 25
\BOOKMARK [1][-]{section*.26}{\376\377\000O\000L\000S\000:\000\040\000S\000e\000t\000u\000p\000\040\000\046\000\040\000P\000r\000o\000j\000e\000c\000t\000i\000o\000n\000s}{}% 26
\BOOKMARK [2][-]{section*.27}{\376\377\000L\000i\000n\000e\000a\000r\000\040\000M\000o\000d\000e\000l}{section*.26}% 27
\BOOKMARK [2][-]{section*.28}{\376\377\000I\000d\000e\000n\000t\000i\000f\000i\000c\000a\000t\000i\000o\000n}{section*.26}% 28
\BOOKMARK [2][-]{section*.29}{\376\377\000O\000L\000S\000\040\000E\000s\000t\000i\000m\000a\000t\000o\000r}{section*.26}% 29
\BOOKMARK [2][-]{section*.30}{\376\377\000P\000r\000o\000j\000e\000c\000t\000i\000o\000n\000\040\000M\000a\000t\000r\000i\000x}{section*.26}% 30
\BOOKMARK [2][-]{section*.31}{\376\377\000P\000r\000o\000j\000e\000c\000t\000i\000o\000n\000\040\000T\000h\000e\000o\000r\000e\000m}{section*.26}% 31
\BOOKMARK [2][-]{section*.32}{\376\377\000F\000r\000i\000s\000c\000h\000-\000W\000a\000u\000g\000h\000-\000L\000o\000v\000e\000l\000l}{section*.26}% 32
\BOOKMARK [2][-]{section*.33}{\376\377\000O\000m\000i\000t\000t\000e\000d\000\040\000V\000a\000r\000i\000a\000b\000l\000e\000s\000\040\000B\000i\000a\000s}{section*.26}% 33
\BOOKMARK [1][-]{section*.34}{\376\377\000O\000L\000S\000:\000\040\000F\000i\000n\000i\000t\000e\000\040\000S\000a\000m\000p\000l\000e\000\040\000P\000r\000o\000p\000e\000r\000t\000i\000e\000s}{}% 34
\BOOKMARK [2][-]{section*.35}{\376\377\000A\000s\000s\000u\000m\000p\000t\000i\000o\000n\000s}{section*.34}% 35
\BOOKMARK [2][-]{section*.36}{\376\377\000U\000n\000b\000i\000a\000s\000e\000d\000n\000e\000s\000s}{section*.34}% 36
\BOOKMARK [2][-]{section*.37}{\376\377\000V\000a\000r\000i\000a\000n\000c\000e\000\040\000u\000n\000d\000e\000r\000\040\000H\000o\000m\000o\000s\000k\000e\000d\000a\000s\000t\000i\000c\000i\000t\000y}{section*.34}% 37
\BOOKMARK [2][-]{section*.38}{\376\377\000V\000a\000r\000i\000a\000n\000c\000e\000\040\000u\000n\000d\000e\000r\000\040\000H\000e\000t\000e\000r\000o\000s\000k\000e\000d\000a\000s\000t\000i\000c\000i\000t\000y}{section*.34}% 38
\BOOKMARK [2][-]{section*.39}{\376\377\000G\000a\000u\000s\000s\000-\000M\000a\000r\000k\000o\000v\000\040\000T\000h\000e\000o\000r\000e\000m}{section*.34}% 39
\BOOKMARK [2][-]{section*.40}{\376\377\000U\000n\000b\000i\000a\000s\000e\000d\000n\000e\000s\000s\000\040\000o\000f\000\040\0002}{section*.34}% 40
\BOOKMARK [2][-]{section*.41}{\376\377\000G\000L\000S\000\040\000\050\000K\000n\000o\000w\000n\000\040\000H\000e\000t\000e\000r\000o\000s\000k\000e\000d\000a\000s\000t\000i\000c\000i\000t\000y\000\051}{section*.34}% 41
\BOOKMARK [2][-]{section*.42}{\376\377\000C\000o\000e\000f\000f\000i\000c\000i\000e\000n\000t\000\040\000o\000f\000\040\000D\000e\000t\000e\000r\000m\000i\000n\000a\000t\000i\000o\000n}{section*.34}% 42
\BOOKMARK [1][-]{section*.43}{\376\377\000O\000L\000S\000:\000\040\000L\000a\000r\000g\000e\000\040\000S\000a\000m\000p\000l\000e\000\040\000P\000r\000o\000p\000e\000r\000t\000i\000e\000s}{}% 43
\BOOKMARK [2][-]{section*.44}{\376\377\000C\000o\000n\000s\000i\000s\000t\000e\000n\000c\000y}{section*.43}% 44
\BOOKMARK [2][-]{section*.45}{\376\377\000A\000s\000y\000m\000p\000t\000o\000t\000i\000c\000\040\000N\000o\000r\000m\000a\000l\000i\000t\000y}{section*.43}% 45
\BOOKMARK [2][-]{section*.46}{\376\377\000V\000a\000r\000i\000a\000n\000c\000e\000\040\000E\000s\000t\000i\000m\000a\000t\000i\000o\000n\000:\000\040\000H\000o\000m\000o\000s\000k\000e\000d\000a\000s\000t\000i\000c\000\040\000C\000a\000s\000e}{section*.43}% 46
\BOOKMARK [2][-]{section*.47}{\376\377\000V\000a\000r\000i\000a\000n\000c\000e\000\040\000E\000s\000t\000i\000m\000a\000t\000i\000o\000n\000:\000\040\000H\000e\000t\000e\000r\000o\000s\000k\000e\000d\000a\000s\000t\000i\000c\000\040\000C\000a\000s\000e}{section*.43}% 47
\BOOKMARK [2][-]{section*.48}{\376\377\000C\000o\000n\000s\000i\000s\000t\000e\000n\000c\000y\000\040\000o\000f\000\040\000\040\000\050\000K\000e\000y\000\040\000P\000r\000o\000o\000f\000\040\000S\000t\000e\000p\000\051}{section*.43}% 48
\BOOKMARK [1][-]{section*.49}{\376\377\000H\000y\000p\000o\000t\000h\000e\000s\000i\000s\000\040\000T\000e\000s\000t\000i\000n\000g}{}% 49
\BOOKMARK [2][-]{section*.50}{\376\377\000D\000e\000f\000i\000n\000i\000t\000i\000o\000n\000s}{section*.49}% 50
\BOOKMARK [2][-]{section*.51}{\376\377\000C\000o\000n\000f\000i\000d\000e\000n\000c\000e\000\040\000S\000e\000t\000s}{section*.49}% 51
\BOOKMARK [2][-]{section*.52}{\376\377\000F\000i\000n\000i\000t\000e\000\040\000S\000a\000m\000p\000l\000e\000\040\000I\000n\000f\000e\000r\000e\000n\000c\000e\000\040\000\050\000N\000o\000r\000m\000a\000l\000\040\000R\000e\000g\000r\000e\000s\000s\000i\000o\000n\000\051}{section*.49}% 52
\BOOKMARK [2][-]{section*.53}{\376\377\000T\000e\000s\000t\000i\000n\000g\000\040\000S\000i\000n\000g\000l\000e\000\040\000L\000i\000n\000e\000a\000r\000\040\000R\000e\000s\000t\000r\000i\000c\000t\000i\000o\000n\000\040\000\050\000A\000s\000y\000m\000p\000t\000o\000t\000i\000c\000\051}{section*.49}% 53
\BOOKMARK [2][-]{section*.54}{\376\377\000T\000e\000s\000t\000i\000n\000g\000\040\000M\000u\000l\000t\000i\000p\000l\000e\000\040\000L\000i\000n\000e\000a\000r\000\040\000R\000e\000s\000t\000r\000i\000c\000t\000i\000o\000n\000s}{section*.49}% 54
\BOOKMARK [2][-]{section*.55}{\376\377\000T\000e\000s\000t\000i\000n\000g\000\040\000N\000o\000n\000-\000L\000i\000n\000e\000a\000r\000\040\000R\000e\000s\000t\000r\000i\000c\000t\000i\000o\000n\000s}{section*.49}% 55
\BOOKMARK [1][-]{section*.56}{\376\377\000P\000o\000t\000e\000n\000t\000i\000a\000l\000\040\000O\000u\000t\000c\000o\000m\000e\000s\000\040\000\046\000\040\000C\000a\000u\000s\000a\000l\000i\000t\000y}{}% 56
\BOOKMARK [2][-]{section*.57}{\376\377\000S\000e\000t\000u\000p}{section*.56}% 57
\BOOKMARK [2][-]{section*.58}{\376\377\000T\000r\000e\000a\000t\000m\000e\000n\000t\000\040\000E\000f\000f\000e\000c\000t\000s}{section*.56}% 58
\BOOKMARK [2][-]{section*.59}{\376\377\000N\000a\000i\000v\000e\000\040\000C\000o\000m\000p\000a\000r\000i\000s\000o\000n\000\040\000a\000n\000d\000\040\000S\000e\000l\000e\000c\000t\000i\000o\000n\000\040\000B\000i\000a\000s}{section*.56}% 59
\BOOKMARK [2][-]{section*.60}{\376\377\000R\000a\000n\000d\000o\000m\000\040\000A\000s\000s\000i\000g\000n\000m\000e\000n\000t}{section*.56}% 60
\BOOKMARK [2][-]{section*.61}{\376\377\000C\000o\000n\000d\000i\000t\000i\000o\000n\000a\000l\000\040\000I\000n\000d\000e\000p\000e\000n\000d\000e\000n\000c\000e\000\040\000\050\000U\000n\000c\000o\000n\000f\000o\000u\000n\000d\000e\000d\000n\000e\000s\000s\000\051}{section*.56}% 61
\BOOKMARK [2][-]{section*.62}{\376\377\000H\000o\000m\000o\000g\000e\000n\000e\000o\000u\000s\000\040\000v\000s\000.\000\040\000H\000e\000t\000e\000r\000o\000g\000e\000n\000e\000o\000u\000s\000\040\000E\000f\000f\000e\000c\000t\000s}{section*.56}% 62
\BOOKMARK [2][-]{section*.63}{\376\377\000H\000e\000t\000e\000r\000o\000g\000e\000n\000e\000o\000u\000s\000\040\000E\000f\000f\000e\000c\000t\000s\000\040\000w\000i\000t\000h\000\040\000I\000n\000t\000e\000r\000a\000c\000t\000i\000o\000n\000s}{section*.56}% 63
\BOOKMARK [2][-]{section*.64}{\376\377\000I\000n\000v\000e\000r\000s\000e\000\040\000P\000r\000o\000b\000a\000b\000i\000l\000i\000t\000y\000\040\000W\000e\000i\000g\000h\000t\000i\000n\000g\000\040\000\050\000I\000P\000W\000\051}{section*.56}% 64
\BOOKMARK [2][-]{section*.65}{\376\377\000M\000u\000l\000t\000i\000p\000l\000e\000\040\000T\000r\000e\000a\000t\000m\000e\000n\000t\000s}{section*.56}% 65
\BOOKMARK [1][-]{section*.66}{\376\377\000A\000l\000l\000-\000C\000a\000u\000s\000e\000s\000\040\000\050\000L\000a\000t\000e\000n\000t\000\040\000V\000a\000r\000i\000a\000b\000l\000e\000\051\000\040\000F\000r\000a\000m\000e\000w\000o\000r\000k}{}% 66
\BOOKMARK [2][-]{section*.67}{\376\377\000S\000e\000t\000u\000p}{section*.66}% 67
\BOOKMARK [2][-]{section*.68}{\376\377\000F\000r\000o\000m\000\040\000P\000o\000t\000e\000n\000t\000i\000a\000l\000\040\000O\000u\000t\000c\000o\000m\000e\000s\000\040\000t\000o\000\040\000A\000l\000l\000-\000C\000a\000u\000s\000e\000s}{section*.66}% 68
\BOOKMARK [2][-]{section*.69}{\376\377\000F\000r\000o\000m\000\040\000A\000l\000l\000-\000C\000a\000u\000s\000e\000s\000\040\000t\000o\000\040\000P\000o\000t\000e\000n\000t\000i\000a\000l\000\040\000O\000u\000t\000c\000o\000m\000e\000s}{section*.66}% 69
\BOOKMARK [2][-]{section*.70}{\376\377\000C\000a\000u\000s\000a\000l\000\040\000U\000\040\000v\000s\000.\000\040\000R\000e\000g\000r\000e\000s\000s\000i\000o\000n\000\040\000R\000e\000s\000i\000d\000u\000a\000l}{section*.66}% 70
\BOOKMARK [1][-]{section*.71}{\376\377\000I\000n\000s\000t\000r\000u\000m\000e\000n\000t\000a\000l\000\040\000V\000a\000r\000i\000a\000b\000l\000e\000s}{}% 71
\BOOKMARK [2][-]{section*.72}{\376\377\000T\000h\000e\000\040\000E\000n\000d\000o\000g\000e\000n\000e\000i\000t\000y\000\040\000P\000r\000o\000b\000l\000e\000m}{section*.71}% 72
\BOOKMARK [2][-]{section*.73}{\376\377\000I\000V\000\040\000C\000o\000n\000d\000i\000t\000i\000o\000n\000s}{section*.71}% 73
\BOOKMARK [2][-]{section*.74}{\376\377\000I\000d\000e\000n\000t\000i\000f\000i\000c\000a\000t\000i\000o\000n}{section*.71}% 74
\BOOKMARK [2][-]{section*.75}{\376\377\000I\000V\000\040\000E\000s\000t\000i\000m\000a\000t\000o\000r\000\040\000\050\000E\000x\000a\000c\000t\000\040\000I\000d\000e\000n\000t\000i\000f\000i\000c\000a\000t\000i\000o\000n\000\051}{section*.71}% 75
\BOOKMARK [2][-]{section*.76}{\376\377\000P\000o\000t\000e\000n\000t\000i\000a\000l\000\040\000O\000u\000t\000c\000o\000m\000e\000s\000\040\000F\000r\000a\000m\000e\000w\000o\000r\000k\000\040\000f\000o\000r\000\040\000I\000V}{section*.71}% 76
\BOOKMARK [2][-]{section*.77}{\376\377\000A\000s\000y\000m\000p\000t\000o\000t\000i\000c\000\040\000D\000i\000s\000t\000r\000i\000b\000u\000t\000i\000o\000n}{section*.71}% 77
\BOOKMARK [2][-]{section*.78}{\376\377\000G\000M\000M\000\040\000/\000\040\0002\000S\000L\000S\000\040\000\050\000O\000v\000e\000r\000i\000d\000e\000n\000t\000i\000f\000i\000c\000a\000t\000i\000o\000n\000\051}{section*.71}% 78
\BOOKMARK [2][-]{section*.79}{\376\377\000O\000v\000e\000r\000i\000d\000e\000n\000t\000i\000f\000i\000c\000a\000t\000i\000o\000n\000\040\000T\000e\000s\000t\000s\000\040\000\050\000S\000a\000r\000g\000a\000n\000/\000H\000a\000n\000s\000e\000n\000\051}{section*.71}% 79
\BOOKMARK [2][-]{section*.80}{\376\377\000M\000u\000s\000t\000\040\000I\000n\000c\000l\000u\000d\000e\000\040\000E\000x\000o\000g\000e\000n\000o\000u\000s\000\040\000R\000e\000g\000r\000e\000s\000s\000o\000r\000s\000\040\000i\000n\000\040\000F\000i\000r\000s\000t\000\040\000S\000t\000a\000g\000e}{section*.71}% 80
\BOOKMARK [2][-]{section*.81}{\376\377\000L\000A\000T\000E\000\040\000A\000s\000s\000u\000m\000p\000t\000i\000o\000n\000s}{section*.71}% 81
\BOOKMARK [2][-]{section*.82}{\376\377\000L\000A\000T\000E\000\040\000I\000n\000t\000e\000r\000p\000r\000e\000t\000a\000t\000i\000o\000n}{section*.71}% 82
\BOOKMARK [2][-]{section*.83}{\376\377\000E\000q\000u\000i\000v\000a\000l\000e\000n\000c\000e\000\040\000w\000i\000t\000h\000\040\000L\000a\000t\000e\000n\000t\000\040\000V\000a\000r\000i\000a\000b\000l\000e\000\040\000M\000o\000d\000e\000l\000\040\000\050\000V\000y\000t\000l\000a\000c\000i\000l\000,\000\040\0002\0000\0000\0002\000\051}{section*.71}% 83
\BOOKMARK [2][-]{section*.84}{\376\377\000H\000a\000u\000s\000m\000a\000n\000\040\000T\000e\000s\000t\000\040\000\050\000E\000x\000o\000g\000e\000n\000e\000i\000t\000y\000\051}{section*.71}% 84
\BOOKMARK [1][-]{section*.85}{\376\377\000C\000o\000n\000t\000r\000o\000l\000\040\000F\000u\000n\000c\000t\000i\000o\000n\000s}{}% 85
\BOOKMARK [2][-]{section*.86}{\376\377\000S\000e\000t\000u\000p\000\040\000a\000n\000d\000\040\000E\000q\000u\000i\000v\000a\000l\000e\000n\000c\000e\000\040\000t\000o\000\040\0002\000S\000L\000S}{section*.85}% 86
\BOOKMARK [2][-]{section*.87}{\376\377\000A\000d\000v\000a\000n\000t\000a\000g\000e\000:\000\040\000N\000o\000n\000l\000i\000n\000e\000a\000r\000\040\000M\000o\000d\000e\000l\000s}{section*.85}% 87
\BOOKMARK [2][-]{section*.88}{\376\377\000B\000i\000n\000a\000r\000y\000\040\000E\000n\000d\000o\000g\000e\000n\000o\000u\000s\000\040\000V\000a\000r\000i\000a\000b\000l\000e}{section*.85}% 88
\BOOKMARK [2][-]{section*.89}{\376\377\000C\000F\000\040\000v\000s\000.\000\040\000I\000V\000:\000\040\000T\000r\000a\000d\000e\000o\000f\000f\000s}{section*.85}% 89
\BOOKMARK [2][-]{section*.90}{\376\377\000C\000o\000r\000r\000e\000l\000a\000t\000e\000d\000\040\000R\000a\000n\000d\000o\000m\000\040\000C\000o\000e\000f\000f\000i\000c\000i\000e\000n\000t\000s}{section*.85}% 90
\BOOKMARK [1][-]{section*.91}{\376\377\000M\000a\000r\000g\000i\000n\000a\000l\000\040\000T\000r\000e\000a\000t\000m\000e\000n\000t\000\040\000E\000f\000f\000e\000c\000t\000s}{}% 91
\BOOKMARK [2][-]{section*.92}{\376\377\000F\000r\000a\000m\000e\000w\000o\000r\000k}{section*.91}% 92
\BOOKMARK [2][-]{section*.93}{\376\377\000M\000T\000E\000\040\000D\000e\000f\000i\000n\000i\000t\000i\000o\000n}{section*.91}% 93
\BOOKMARK [2][-]{section*.94}{\376\377\000T\000a\000r\000g\000e\000t\000\040\000P\000a\000r\000a\000m\000e\000t\000e\000r\000s\000\040\000a\000s\000\040\000W\000e\000i\000g\000h\000t\000e\000d\000\040\000A\000v\000e\000r\000a\000g\000e\000s}{section*.91}% 94
\BOOKMARK [2][-]{section*.95}{\376\377\000S\000e\000l\000e\000c\000t\000i\000o\000n\000\040\000P\000a\000t\000t\000e\000r\000n\000s}{section*.91}% 95
\BOOKMARK [2][-]{section*.96}{\376\377\000I\000d\000e\000n\000t\000i\000f\000i\000c\000a\000t\000i\000o\000n}{section*.91}% 96
\BOOKMARK [2][-]{section*.97}{\376\377\000P\000o\000l\000i\000c\000y\000\040\000R\000e\000l\000e\000v\000a\000n\000t\000\040\000T\000r\000e\000a\000t\000m\000e\000n\000t\000\040\000E\000f\000f\000e\000c\000t}{section*.91}% 97
\BOOKMARK [1][-]{section*.98}{\376\377\000W\000e\000a\000k\000\040\000I\000n\000s\000t\000r\000u\000m\000e\000n\000t\000s}{}% 98
\BOOKMARK [2][-]{section*.99}{\376\377\000S\000e\000t\000u\000p}{section*.98}% 99
\BOOKMARK [2][-]{section*.100}{\376\377\000T\000h\000e\000\040\000P\000r\000o\000b\000l\000e\000m\000\040\000w\000i\000t\000h\000\040\000p\000i\000\040\000n\000e\000a\000r\000\040\0000}{section*.98}% 100
\BOOKMARK [2][-]{section*.101}{\376\377\000F\000i\000n\000i\000t\000e\000\040\000S\000a\000m\000p\000l\000e\000\040\000B\000i\000a\000s}{section*.98}% 101
\BOOKMARK [2][-]{section*.102}{\376\377\000R\000u\000l\000e\000\040\000o\000f\000\040\000T\000h\000u\000m\000b}{section*.98}% 102
\BOOKMARK [2][-]{section*.103}{\376\377\000A\000n\000d\000e\000r\000s\000o\000n\000-\000R\000u\000b\000i\000n\000\040\000T\000e\000s\000t}{section*.98}% 103
\BOOKMARK [2][-]{section*.104}{\376\377\000W\000i\000t\000h\000\040\000I\000n\000c\000l\000u\000d\000e\000d\000\040\000I\000n\000s\000t\000r\000u\000m\000e\000n\000t\000s}{section*.98}% 104
\BOOKMARK [1][-]{section*.105}{\376\377\000D\000i\000f\000f\000e\000r\000e\000n\000c\000e\000-\000i\000n\000-\000D\000i\000f\000f\000e\000r\000e\000n\000c\000e\000s}{}% 105
\BOOKMARK [2][-]{section*.106}{\376\377\000S\000e\000t\000u\000p}{section*.105}% 106
\BOOKMARK [2][-]{section*.107}{\376\377\000N\000a\000i\000v\000e\000\040\000C\000o\000m\000p\000a\000r\000i\000s\000o\000n\000s\000\040\000F\000a\000i\000l}{section*.105}% 107
\BOOKMARK [2][-]{section*.108}{\376\377\000C\000o\000m\000m\000o\000n\000\040\000T\000r\000e\000n\000d\000s\000\040\000A\000s\000s\000u\000m\000p\000t\000i\000o\000n}{section*.105}% 108
\BOOKMARK [2][-]{section*.109}{\376\377\000D\000i\000D\000\040\000E\000s\000t\000i\000m\000a\000n\000d}{section*.105}% 109
\BOOKMARK [2][-]{section*.110}{\376\377\000R\000e\000g\000r\000e\000s\000s\000i\000o\000n\000\040\000I\000m\000p\000l\000e\000m\000e\000n\000t\000a\000t\000i\000o\000n}{section*.105}% 110
\BOOKMARK [2][-]{section*.111}{\376\377\000D\000a\000t\000a\000\040\000R\000e\000q\000u\000i\000r\000e\000m\000e\000n\000t\000s}{section*.105}% 111
\BOOKMARK [1][-]{section*.112}{\376\377\000R\000e\000g\000r\000e\000s\000s\000i\000o\000n\000\040\000D\000i\000s\000c\000o\000n\000t\000i\000n\000u\000i\000t\000y\000\040\000D\000e\000s\000i\000g\000n}{}% 112
\BOOKMARK [2][-]{section*.113}{\376\377\000S\000e\000t\000u\000p}{section*.112}% 113
\BOOKMARK [2][-]{section*.114}{\376\377\000S\000h\000a\000r\000p\000\040\000R\000D\000D}{section*.112}% 114
\BOOKMARK [2][-]{section*.115}{\376\377\000I\000d\000e\000n\000t\000i\000f\000i\000c\000a\000t\000i\000o\000n}{section*.112}% 115
\BOOKMARK [2][-]{section*.116}{\376\377\000E\000s\000t\000i\000m\000a\000t\000i\000o\000n\000:\000\040\000L\000o\000c\000a\000l\000\040\000L\000i\000n\000e\000a\000r\000\040\000R\000e\000g\000r\000e\000s\000s\000i\000o\000n}{section*.112}% 116
\BOOKMARK [2][-]{section*.117}{\376\377\000B\000a\000n\000d\000w\000i\000d\000t\000h\000\040\000C\000h\000o\000i\000c\000e}{section*.112}% 117
\BOOKMARK [2][-]{section*.118}{\376\377\000T\000h\000r\000e\000a\000t\000s\000\040\000t\000o\000\040\000V\000a\000l\000i\000d\000i\000t\000y}{section*.112}% 118
\BOOKMARK [2][-]{section*.119}{\376\377\000F\000u\000z\000z\000y\000\040\000R\000D\000D}{section*.112}% 119
\BOOKMARK [2][-]{section*.120}{\376\377\000F\000u\000z\000z\000y\000\040\000R\000D\000D\000\040\000I\000m\000p\000l\000e\000m\000e\000n\000t\000a\000t\000i\000o\000n}{section*.112}% 120
\BOOKMARK [1][-]{section*.121}{\376\377\000P\000a\000n\000e\000l\000\040\000D\000a\000t\000a}{}% 121
\BOOKMARK [2][-]{section*.122}{\376\377\000S\000e\000t\000u\000p}{section*.121}% 122
\BOOKMARK [2][-]{section*.123}{\376\377\000P\000r\000o\000b\000l\000e\000m\000\040\000w\000i\000t\000h\000\040\000P\000o\000o\000l\000e\000d\000\040\000O\000L\000S}{section*.121}% 123
\BOOKMARK [2][-]{section*.124}{\376\377\000F\000i\000r\000s\000t\000\040\000D\000i\000f\000f\000e\000r\000e\000n\000c\000i\000n\000g\000\040\000\050\000F\000D\000\051}{section*.121}% 124
\BOOKMARK [2][-]{section*.125}{\376\377\000S\000t\000r\000i\000c\000t\000\040\000E\000x\000o\000g\000e\000n\000e\000i\000t\000y}{section*.121}% 125
\BOOKMARK [2][-]{section*.126}{\376\377\000F\000i\000x\000e\000d\000\040\000E\000f\000f\000e\000c\000t\000s\000\040\000\050\000F\000E\000\051\000\040\000/\000\040\000W\000i\000t\000h\000i\000n\000\040\000E\000s\000t\000i\000m\000a\000t\000o\000r}{section*.121}% 126
\BOOKMARK [2][-]{section*.127}{\376\377\000F\000D\000\040\000v\000s\000.\000\040\000F\000E}{section*.121}% 127
\BOOKMARK [2][-]{section*.128}{\376\377\000S\000e\000r\000i\000a\000l\000\040\000C\000o\000r\000r\000e\000l\000a\000t\000i\000o\000n\000\040\000a\000n\000d\000\040\000C\000l\000u\000s\000t\000e\000r\000e\000d\000\040\000S\000E\000s}{section*.121}% 128
\BOOKMARK [1][-]{section*.129}{\376\377\000T\000i\000p\000s\000\040\000a\000n\000d\000\040\000T\000r\000i\000c\000k\000s}{}% 129
\BOOKMARK [2][-]{section*.130}{\376\377\000P\000r\000o\000o\000f\000\040\000S\000t\000r\000a\000t\000e\000g\000i\000e\000s\000\040\000f\000o\000r\000\040\000C\000o\000n\000s\000i\000s\000t\000e\000n\000c\000y}{section*.129}% 130
\BOOKMARK [2][-]{section*.131}{\376\377\000T\000r\000a\000c\000e\000\040\000T\000r\000i\000c\000k\000\040\000f\000o\000r\000\040\000Q\000u\000a\000d\000r\000a\000t\000i\000c\000\040\000F\000o\000r\000m\000s}{section*.129}% 131
\BOOKMARK [2][-]{section*.132}{\376\377\000P\000r\000o\000o\000f\000\040\000S\000t\000r\000a\000t\000e\000g\000i\000e\000s\000\040\000f\000o\000r\000\040\000A\000s\000y\000m\000p\000t\000o\000t\000i\000c\000\040\000N\000o\000r\000m\000a\000l\000i\000t\000y}{section*.129}% 132
\BOOKMARK [2][-]{section*.133}{\376\377\000U\000s\000e\000f\000u\000l\000\040\000I\000n\000e\000q\000u\000a\000l\000i\000t\000i\000e\000s}{section*.129}% 133
\BOOKMARK [2][-]{section*.134}{\376\377\000K\000e\000y\000\040\000o\000p\000/\000O\000p\000\040\000A\000r\000g\000u\000m\000e\000n\000t\000s}{section*.129}% 134
\BOOKMARK [2][-]{section*.135}{\376\377\000C\000o\000m\000m\000o\000n\000\040\000E\000n\000d\000o\000g\000e\000n\000e\000i\000t\000y\000\040\000S\000o\000u\000r\000c\000e\000s}{section*.129}% 135
\BOOKMARK [2][-]{section*.136}{\376\377\000I\000V\000\040\000C\000h\000e\000c\000k\000l\000i\000s\000t}{section*.129}% 136
\BOOKMARK [2][-]{section*.137}{\376\377\000I\000d\000e\000n\000t\000i\000f\000i\000c\000a\000t\000i\000o\000n\000\040\000S\000t\000r\000a\000t\000e\000g\000y\000\040\000S\000u\000m\000m\000a\000r\000y}{section*.129}% 137
\BOOKMARK [2][-]{section*.138}{\376\377\000B\000i\000a\000s\000-\000V\000a\000r\000i\000a\000n\000c\000e\000\040\000T\000r\000a\000d\000e\000o\000f\000f\000\040\000\050\000I\000r\000r\000e\000l\000e\000v\000a\000n\000t\000\040\000V\000a\000r\000i\000a\000b\000l\000e\000s\000\051}{section*.129}% 138
